Build started 13/07/2017 23:03:36.
     1>Project "F:\Swerve\Libs\zlib1211\zlib-1.2.11\contrib\vstudio\vc14\zlibvc.vcxproj" on node 2 (Build target(s)).
     1>PreBuildEvent:
         cd ..\..\masmx86
         bld_ml32.bat
         :VCEnd
          Assembling: match686.asm
         Microsoft (R) Macro Assembler Version 14.00.23026.0
         Copyright (C) Microsoft Corporation.  All rights reserved.
         
         Microsoft (R) Macro Assembler Version 14.00.23026.0
         Copyright (C) Microsoft Corporation.  All rights reserved.
         
          Assembling: inffas32.asm
       Link:
         C:\Program Files (x86)\Microsoft Visual Studio 14.0\VC\bin\link.exe /ERRORREPORT:PROMPT /OUT:"x86\ZlibDllRelease\zlibwapi.dll" /INCREMENTAL:NO /NOLOGO ..\..\masmx86\match686.obj ..\..\masmx86\inffas32.obj kernel32.lib user32.lib gdi32.lib winspool.lib comdlg32.lib advapi32.lib shell32.lib ole32.lib oleaut32.lib uuid.lib odbc32.lib odbccp32.lib /DEF:".\zlibvc.def" /MANIFEST:NO /DEBUG /PDB:"x86\ZlibDllRelease\zlibwapi.pdb" /MAP:"x86\ZlibDllRelease\zlibwapi.map" /SUBSYSTEM:WINDOWS /LTCG:incremental /TLBID:1 /DYNAMICBASE:NO /IMPLIB:"x86\ZlibDllRelease\zlibwapi.lib" /MACHINE:X86 /SAFESEH:NO /MACHINE:I386 /SAFESEH:NO /DLL x86\ZlibDllRelease\Tmp\zlib.res
         x86\ZlibDllRelease\Tmp\adler32.obj
         x86\ZlibDllRelease\Tmp\compress.obj
         x86\ZlibDllRelease\Tmp\crc32.obj
         x86\ZlibDllRelease\Tmp\deflate.obj
         x86\ZlibDllRelease\Tmp\gzclose.obj
         x86\ZlibDllRelease\Tmp\gzlib.obj
         x86\ZlibDllRelease\Tmp\gzread.obj
         x86\ZlibDllRelease\Tmp\gzwrite.obj
         x86\ZlibDllRelease\Tmp\infback.obj
         x86\ZlibDllRelease\Tmp\inffast.obj
         x86\ZlibDllRelease\Tmp\inflate.obj
         x86\ZlibDllRelease\Tmp\inftrees.obj
         x86\ZlibDllRelease\Tmp\ioapi.obj
         x86\ZlibDllRelease\Tmp\iowin32.obj
         x86\ZlibDllRelease\Tmp\trees.obj
         x86\ZlibDllRelease\Tmp\uncompr.obj
         x86\ZlibDllRelease\Tmp\unzip.obj
         x86\ZlibDllRelease\Tmp\zip.obj
         x86\ZlibDllRelease\Tmp\zutil.obj
            Creating library x86\ZlibDllRelease\zlibwapi.lib and object x86\ZlibDllRelease\zlibwapi.exp
         Generating code
         0 of 263 functions ( 0.0%) were compiled, the rest were copied from previous compilation.
           0 functions were new in current compilation
           0 functions had inline decision re-evaluated but remain unchanged
         Finished generating code
         zlibvc.vcxproj -> F:\Swerve\Libs\zlib1211\zlib-1.2.11\contrib\vstudio\vc14\x86\ZlibDllRelease\zlibwapi.dll
     1>Done Building Project "F:\Swerve\Libs\zlib1211\zlib-1.2.11\contrib\vstudio\vc14\zlibvc.vcxproj" (Build target(s)).

Build succeeded.

Time Elapsed 00:00:04.06
