Build started 13/07/2017 23:05:06.
     1>Project "F:\Swerve\Libs\zlib1211\zlib-1.2.11\contrib\vstudio\vc14\zlibvc.vcxproj" on node 2 (Build target(s)).
     1>PreBuildEvent:
         cd ..\..\masmx86
         bld_ml32.bat
         :VCEnd
          Assembling: match686.asm
         Microsoft (R) Macro Assembler Version 14.00.23026.0
         Copyright (C) Microsoft Corporation.  All rights reserved.
         
          Assembling: inffas32.asm
         Microsoft (R) Macro Assembler Version 14.00.23026.0
         Copyright (C) Microsoft Corporation.  All rights reserved.
         
       Link:
         C:\Program Files (x86)\Microsoft Visual Studio 14.0\VC\bin\link.exe /ERRORREPORT:PROMPT /OUT:"x86\ZlibDllDebug\zlibwapi.dll" /INCREMENTAL /NOLOGO ..\..\masmx86\match686.obj ..\..\masmx86\inffas32.obj kernel32.lib user32.lib gdi32.lib winspool.lib comdlg32.lib advapi32.lib shell32.lib ole32.lib oleaut32.lib uuid.lib odbc32.lib odbccp32.lib /DEF:".\zlibvc.def" /MANIFEST:NO /Debug /PDB:"x86\ZlibDllDebug\zlibwapi.pdb" /MAP:"x86\ZlibDllDebug\zlibwapi.map" /SUBSYSTEM:WINDOWS /TLBID:1 /DYNAMICBASE:NO /IMPLIB:"x86\ZlibDllDebug\zlibwapi.lib" /MACHINE:X86 /SAFESEH /MACHINE:I386 /SAFESEH:NO /DLL x86\ZlibDllDebug\Tmp\zlib.res
         x86\ZlibDllDebug\Tmp\adler32.obj
         x86\ZlibDllDebug\Tmp\compress.obj
         x86\ZlibDllDebug\Tmp\crc32.obj
         x86\ZlibDllDebug\Tmp\deflate.obj
         x86\ZlibDllDebug\Tmp\gzclose.obj
         x86\ZlibDllDebug\Tmp\gzlib.obj
         x86\ZlibDllDebug\Tmp\gzread.obj
         x86\ZlibDllDebug\Tmp\gzwrite.obj
         x86\ZlibDllDebug\Tmp\infback.obj
         x86\ZlibDllDebug\Tmp\inffast.obj
         x86\ZlibDllDebug\Tmp\inflate.obj
         x86\ZlibDllDebug\Tmp\inftrees.obj
         x86\ZlibDllDebug\Tmp\ioapi.obj
         x86\ZlibDllDebug\Tmp\iowin32.obj
         x86\ZlibDllDebug\Tmp\trees.obj
         x86\ZlibDllDebug\Tmp\uncompr.obj
         x86\ZlibDllDebug\Tmp\unzip.obj
         x86\ZlibDllDebug\Tmp\zip.obj
         x86\ZlibDllDebug\Tmp\zutil.obj
         zlibvc.vcxproj -> F:\Swerve\Libs\zlib1211\zlib-1.2.11\contrib\vstudio\vc14\x86\ZlibDllDebug\zlibwapi.dll
     1>Done Building Project "F:\Swerve\Libs\zlib1211\zlib-1.2.11\contrib\vstudio\vc14\zlibvc.vcxproj" (Build target(s)).

Build succeeded.

Time Elapsed 00:00:01.01
