Build started 13/07/2017 23:03:36.
     1>Project "F:\Swerve\Libs\zlib1211\zlib-1.2.11\contrib\vstudio\vc14\zlibstat.vcxproj" on node 3 (Build target(s)).
     1>Lib:
         C:\Program Files (x86)\Microsoft Visual Studio 14.0\VC\bin\Lib.exe /OUT:"x86\ZlibStatRelease\zlibstat.lib" ..\..\masmx86\match686.obj ..\..\masmx86\inffas32.obj /NOLOGO /MACHINE:X86 /NODEFAULTLIB x86\ZlibStatRelease\Tmp\zlib.res
         x86\ZlibStatRelease\Tmp\adler32.obj
         x86\ZlibStatRelease\Tmp\compress.obj
         x86\ZlibStatRelease\Tmp\crc32.obj
         x86\ZlibStatRelease\Tmp\deflate.obj
         x86\ZlibStatRelease\Tmp\gzclose.obj
         x86\ZlibStatRelease\Tmp\gzlib.obj
         x86\ZlibStatRelease\Tmp\gzread.obj
         x86\ZlibStatRelease\Tmp\gzwrite.obj
         x86\ZlibStatRelease\Tmp\infback.obj
         x86\ZlibStatRelease\Tmp\inffast.obj
         x86\ZlibStatRelease\Tmp\inflate.obj
         x86\ZlibStatRelease\Tmp\inftrees.obj
         x86\ZlibStatRelease\Tmp\ioapi.obj
         x86\ZlibStatRelease\Tmp\trees.obj
         x86\ZlibStatRelease\Tmp\uncompr.obj
         x86\ZlibStatRelease\Tmp\unzip.obj
         x86\ZlibStatRelease\Tmp\zip.obj
         x86\ZlibStatRelease\Tmp\zutil.obj
         zlibstat.vcxproj -> F:\Swerve\Libs\zlib1211\zlib-1.2.11\contrib\vstudio\vc14\x86\ZlibStatRelease\zlibstat.lib
     1>Done Building Project "F:\Swerve\Libs\zlib1211\zlib-1.2.11\contrib\vstudio\vc14\zlibstat.vcxproj" (Build target(s)).

Build succeeded.

Time Elapsed 00:00:00.79
